Problem:    
Rows:       378
Columns:    219 (176 integer, 176 binary)
Non-zeros:  2094
Status:     INTEGER OPTIMAL
Objective:  obj = 690 (MAXimum)

   No.   Row name        Activity     Lower bound   Upper bound
------ ------------    ------------- ------------- -------------
     1 r.5                       610           610             = 
     2 r.6                         0             0             = 
     3 r.7                         0             0             = 
     4 r.8                         0             0             = 
     5 r.9                         0             0             = 
     6 r.10                        0             0             = 
     7 r.11                        0             0             = 
     8 r.12                        0             0             = 
     9 r.13                        0             0             = 
    10 r.14                        0             0             = 
    11 r.15                        0             0             = 
    12 r.16                        0             0             = 
    13 r.17                        0             0             = 
    14 r.18                        0             0             = 
    15 r.19                        0             0             = 
    16 r.20                        0             0             = 
    17 r.21                        0             0             = 
    18 r.22                  -631.25       -631.25             = 
    19 r.23                        0             0             = 
    20 r.24                        0             0             = 
    21 r.25                        0             0             = 
    22 r.26                   631.25        631.25             = 
    23 r.27                        0             0             = 
    24 r.28                        0             0             = 
    25 r.29                        0             0             = 
    26 r.30                        0             0             = 
    27 r.31                        0             0             = 
    28 r.32                        0             0             = 
    29 r.33                        0             0             = 
    30 r.34                        0             0             = 
    31 r.35                        0             0             = 
    32 r.36                        0             0             = 
    33 r.37                        0             0             = 
    34 r.38                        0             0             = 
    35 r.39                        0             0             = 
    36 r.40                        0             0             = 
    37 r.42                        1                           1 
    38 r.43                        1                           1 
    39 r.44                        1                           1 
    40 r.45                        0                           1 
    41 r.46                        1                           1 
    42 r.47                        0                           1 
    43 r.48                        1                           1 
    44 r.49                        1                           1 
    45 r.50                        1                           1 
    46 r.51                        0                           1 
    47 r.52                        1                           1 
    48 r.53                        0                           1 
    49 r.54                        0                           1 
    50 r.55                        0                           1 
    51 r.56                        1                           1 
    52 r.57                        0                           1 
    53 r.58                        1                           1 
    54 r.59                        1                           1 
    55 r.60                        1                           1 
    56 r.61                        0                           1 
    57 r.62                        1                           1 
    58 r.63                        1                           1 
    59 r.64                        1                           1 
    60 r.65                        0                           1 
    61 r.66                        1                           1 
    62 r.67                        1                           1 
    63 r.68                        0                           1 
    64 r.69                        0                           1 
    65 r.70                        1                           1 
    66 r.71                        1                           1 
    67 r.72                        1                           1 
    68 r.73                        0                           1 
    69 r.74                        1                           1 
    70 r.75                        0                           1 
    71 r.76                        1                           1 
    72 r.77                        0                           1 
    73 r.78                        1                           1 
    74 r.79                        0                           1 
    75 r.80                        1                           1 
    76 r.81                        0                           1 
    77 r.82                        0                           1 
    78 r.83                        0                           1 
    79 r.84                        1                           1 
    80 r.85                        1                           1 
    81 r.86                        1                           1 
    82 r.87                        0                           1 
    83 r.88                        1                           1 
    84 r.89                        0                           1 
    85 r.90                        1                           1 
    86 r.91                        0                           1 
    87 r.92                        1                           1 
    88 r.93                        0                           1 
    89 r.94                        1                           1 
    90 r.95                        1                           1 
    91 r.96                        0                           1 
    92 r.97                        0                           1 
    93 r.98                        1                           1 
    94 r.99                        0                           1 
    95 r.100                       1                           1 
    96 r.101                       0                           1 
    97 r.102                       1                           1 
    98 r.103                       0                           1 
    99 r.104                       1                           1 
   100 r.105                       1                           1 
   101 r.106                       1                           1 
   102 r.107                       0                           1 
   103 r.108                       1                           1 
   104 r.109                       0                           1 
   105 r.110                       0                           1 
   106 r.111                       0                           1 
   107 r.113                       1                           3 
   108 r.114                       1                           3 
   109 r.115                       1                           3 
   110 r.116                       1                           3 
   111 r.117                       1                           3 
   112 r.118                       1                           3 
   113 r.119                       3                           3 
   114 r.120                       1                           3 
   115 r.121                       1                           3 
   116 r.122                       1                           3 
   117 r.123                       1                           3 
   118 r.124                       1                           3 
   119 r.125                       1                           3 
   120 r.126                       3                           3 
   121 r.127                       1                           3 
   122 r.128                       1                           3 
   123 r.129                       1                           3 
   124 r.130                       1                           3 
   125 r.131                       1                           3 
   126 r.132                       1                           3 
   127 r.133                       3                           3 
   128 r.134                       1                           3 
   129 r.135                       1                           3 
   130 r.136                       1                           3 
   131 r.137                       1                           3 
   132 r.138                       1                           3 
   133 r.139                       1                           3 
   134 r.140                       3                           3 
   135 r.141                       1                           3 
   136 r.142                       1                           3 
   137 r.143                       1                           3 
   138 r.144                       1                           3 
   139 r.145                       1                           3 
   140 r.146                       1                           3 
   141 r.147                       0                           3 
   142 r.149                       1             1             = 
   143 r.150                       1             1             = 
   144 r.151                       1             1             = 
   145 r.152                       1             1             = 
   146 r.153                       1             1             = 
   147 r.154                       1             1             = 
   148 r.155                       1             1             = 
   149 r.156                       1             1             = 
   150 r.157                       1             1             = 
   151 r.158                       1             1             = 
   152 r.159                       1             1             = 
   153 r.160                       1             1             = 
   154 r.161                       1             1             = 
   155 r.162                       1             1             = 
   156 r.163                       1             1             = 
   157 r.164                       1             1             = 
   158 r.165                       1             1             = 
   159 r.166                       1             1             = 
   160 r.167                       1             1             = 
   161 r.168                       1             1             = 
   162 r.169                       1             1             = 
   163 r.170                       1             1             = 
   164 r.171                       1             1             = 
   165 r.172                       1             1             = 
   166 r.173                       1             1             = 
   167 r.174                       1             1             = 
   168 r.175                       1             1             = 
   169 r.176                       1             1             = 
   170 r.178                       6                          10 
   171 r.179                       6                          10 
   172 r.180                       6                          10 
   173 r.181                       6                          10 
   174 r.182                       6                          10 
   175 r.183                       6                          10 
   176 r.184                       6                          10 
   177 r.185                       6                          10 
   178 r.186                       6                          10 
   179 r.187                       6                          10 
   180 r.188                       6                          10 
   181 r.189                       6                          10 
   182 r.190                       6                          10 
   183 r.191                       6                          10 
   184 r.192                       6                          10 
   185 r.193                       6                          10 
   186 r.194                       6                          10 
   187 r.195                       6                          10 
   188 r.196                       6                          10 
   189 r.197                       6                          10 
   190 r.198                       6                          10 
   191 r.199                       6                          10 
   192 r.200                       6                          10 
   193 r.201                       6                          10 
   194 r.202                       6                          10 
   195 r.203                       6                          10 
   196 r.204                       6                          10 
   197 r.205                       6                          10 
   198 r.206                       6                          10 
   199 r.208                       0                           1 
   200 r.209                       1                           1 
   201 r.210                       1                           1 
   202 r.211                       0                           1 
   203 r.212                       0                           1 
   204 r.213                       0                           1 
   205 r.214                       0                           1 
   206 r.215                       0                           1 
   207 r.216                       1                           1 
   208 r.217                       1                           1 
   209 r.218                       0                           1 
   210 r.219                       0                           1 
   211 r.220                       0                           1 
   212 r.221                       1                           1 
   213 r.222                       1                           1 
   214 r.223                       0                           1 
   215 r.224                       0                           1 
   216 r.225                       0                           1 
   217 r.226                       0                           1 
   218 r.227                       0                           1 
   219 r.228                       0                           1 
   220 r.229                       0                           1 
   221 r.230                       0                           1 
   222 r.231                       0                           1 
   223 r.232                       0                           1 
   224 r.233                       0                           1 
   225 r.234                       0                           1 
   226 r.235                       0                           1 
   227 r.236                       1                           1 
   228 r.237                       1                           1 
   229 r.238                       0                           1 
   230 r.239                       0                           1 
   231 r.240                       0                           1 
   232 r.241                       1                           1 
   233 r.242                       1                           1 
   234 r.243                       0                           1 
   235 r.244                       1                           1 
   236 r.245                       1                           1 
   237 r.246                       0                           1 
   238 r.247                       0                           1 
   239 r.248                       0                           1 
   240 r.249                       1                           1 
   241 r.250                       1                           1 
   242 r.251                       0                           1 
   243 r.252                       0                           1 
   244 r.253                       0                           1 
   245 r.254                       1                           1 
   246 r.255                       1                           1 
   247 r.256                       1                           1 
   248 r.257                       0                           1 
   249 r.258                       0                           1 
   250 r.259                       1                           1 
   251 r.260                       1                           1 
   252 r.261                       1                           1 
   253 r.262                       0                           1 
   254 r.263                       0                           1 
   255 r.264                       0                           1 
   256 r.265                       1                           1 
   257 r.266                       1                           1 
   258 r.267                       0                           1 
   259 r.268                       0                           1 
   260 r.269                       0                           1 
   261 r.270                       0                           1 
   262 r.271                       0                           1 
   263 r.272                       0                           1 
   264 r.273                       0                           1 
   265 r.274                       0                           1 
   266 r.275                       0                           1 
   267 r.276                       0                           1 
   268 r.277                       0                           1 
   269 r.278                       0                           1 
   270 r.279                       0                           1 
   271 r.280                       0                           1 
   272 r.281                       0                           1 
   273 r.282                       0                           1 
   274 r.283                       0                           1 
   275 r.284                       0                           1 
   276 r.285                       0                           1 
   277 r.286                       0                           1 
   278 r.287                       0                           1 
   279 r.288                       1                           1 
   280 r.289                       1                           1 
   281 r.290                       0                           1 
   282 r.291                       0                           1 
   283 r.292                       0                           1 
   284 r.293                       1                           1 
   285 r.294                       1                           1 
   286 r.295                       0                           1 
   287 r.296                       0                           1 
   288 r.297                       0                           1 
   289 r.298                       0                           1 
   290 r.299                       0                           1 
   291 r.300                       0                           1 
   292 r.301                       0                           1 
   293 r.302                       0                           1 
   294 r.303                       0                           1 
   295 r.304                       0                           1 
   296 r.305                       0                           1 
   297 r.306                       0                           1 
   298 r.307                       0                           1 
   299 r.308                       0                           1 
   300 r.309                       0                           1 
   301 r.310                       1                           1 
   302 r.311                       1                           1 
   303 r.312                       1                           1 
   304 r.313                       0                           1 
   305 r.314                       0                           1 
   306 r.315                       1                           1 
   307 r.316                       0                           1 
   308 r.317                       0                           1 
   309 r.318                       0                           1 
   310 r.319                       0                           1 
   311 r.320                       0                           1 
   312 r.321                       0                           1 
   313 r.322                       0                           1 
   314 r.323                       0                           1 
   315 r.324                       0                           1 
   316 r.325                       0                           1 
   317 r.326                       0                           1 
   318 r.327                       0                           1 
   319 r.328                       0                           1 
   320 r.329                       0                           1 
   321 r.330                       1                           1 
   322 r.331                       1                           1 
   323 r.332                       1                           1 
   324 r.333                       0                           1 
   325 r.334                       0                           1 
   326 r.335                       1                           1 
   327 r.336                       0                           1 
   328 r.337                       0                           1 
   329 r.338                       0                           1 
   330 r.339                       0                           1 
   331 r.340                       0                           1 
   332 r.341                       0                           1 
   333 r.342                       0                           1 
   334 r.343                       0                           1 
   335 r.345                       1                           1 
   336 r.346                       0                           1 
   337 r.347                       0                           1 
   338 r.348                       0                           1 
   339 r.349                       0                           1 
   340 r.350                       1                           1 
   341 r.351                       1                           1 
   342 r.352                       1                           1 
   343 r.353                       1                           1 
   344 r.354                       0                           1 
   345 r.355                       1                           1 
   346 r.356                       1                           1 
   347 r.357                       1                           1 
   348 r.358                       1                           1 
   349 r.359                       1                           1 
   350 r.360                       1                           1 
   351 r.361                       1                           1 
   352 r.362                       1                           1 
   353 r.363                       1                           1 
   354 r.364                       1                           1 
   355 r.365                       1                           1 
   356 r.366                       1                           1 
   357 r.367                       0                           1 
   358 r.368                       0                           1 
   359 r.369                       0                           1 
   360 r.370                       0                           1 
   361 r.371                       0                           1 
   362 r.372                       0                           1 
   363 r.373                       0                           1 
   364 r.374                       0                           1 
   365 r.375                       0                           1 
   366 r.376                       0                           1 
   367 r.378                       0             0             = 
   368 r.379                       0             0             = 
   369 r.380                       0             0             = 
   370 r.381                       0             0             = 
   371 r.382                       0             0             = 
   372 r.383                       0             0             = 
   373 r.384                       0             0             = 
   374 r.386                       1                           1 
   375 r.388                       0             0             = 
   376 r.391                       0             0               
   377 r.392                       0             0             = 
   378 r.393                       0                           0 

   No. Column name       Activity     Lower bound   Upper bound
------ ------------    ------------- ------------- -------------
     1 f35                       690             0               
     2 f0                        610             0               
     3 f1                        605             0               
     4 easy1        *              0             0             1 
     5 medium1      *              1             0             1 
     6 hard1        *              0             0             1 
     7 s1           *              1             0             1 
     8 f2                        604             0               
     9 easy2        *              1             0             1 
    10 medium2      *              0             0             1 
    11 hard2        *              0             0             1 
    12 s2           *              0             0             1 
    13 f3                        611             0               
    14 easy3        *              1             0             1 
    15 medium3      *              0             0             1 
    16 hard3        *              0             0             1 
    17 s3           *              0             0             1 
    18 f4                        610             0               
    19 easy4        *              0             0             1 
    20 medium4      *              1             0             1 
    21 hard4        *              0             0             1 
    22 s4           *              0             0             1 
    23 f5                        609             0               
    24 easy5        *              1             0             1 
    25 medium5      *              0             0             1 
    26 hard5        *              0             0             1 
    27 s5           *              0             0             1 
    28 f6                        616             0               
    29 easy6        *              1             0             1 
    30 medium6      *              0             0             1 
    31 hard6        *              0             0             1 
    32 s6           *              0             0             1 
    33 f7                        618             0               
    34 easy7        *              0             0             1 
    35 medium7      *              0             0             1 
    36 hard7        *              0             0             1 
    37 s7           *              0             0             1 
    38 f8                        617             0               
    39 easy8        *              1             0             1 
    40 medium8      *              0             0             1 
    41 hard8        *              0             0             1 
    42 s8           *              0             0             1 
    43 f9                        614             0               
    44 easy9        *              0             0             1 
    45 medium9      *              1             0             1 
    46 hard9        *              0             0             1 
    47 s9           *              1             0             1 
    48 f10                       613             0               
    49 easy10       *              1             0             1 
    50 medium10     *              0             0             1 
    51 hard10       *              0             0             1 
    52 s10          *              0             0             1 
    53 f11                       618             0               
    54 easy11       *              0             0             1 
    55 medium11     *              1             0             1 
    56 hard11       *              0             0             1 
    57 s11          *              0             0             1 
    58 f12                       617             0               
    59 easy12       *              1             0             1 
    60 medium12     *              0             0             1 
    61 hard12       *              0             0             1 
    62 s12          *              0             0             1 
    63 f13                       620             0               
    64 easy13       *              0             0             1 
    65 medium13     *              0             0             1 
    66 hard13       *              1             0             1 
    67 s13          *              0             0             1 
    68 f14                       618             0               
    69 easy14       *              0             0             1 
    70 medium14     *              0             0             1 
    71 hard14       *              0             0             1 
    72 s14          *              1             0             1 
    73 f15                       615             0               
    74 easy15       *              0             0             1 
    75 medium15     *              1             0             1 
    76 hard15       *              0             0             1 
    77 s15          *              0             0             1 
    78 f16                       626             0               
    79 easy16       *              1             0             1 
    80 medium16     *              0             0             1 
    81 hard16       *              0             0             1 
    82 s16          *              0             0             1 
    83 f17                      1.75             0               
    84 easy17       *              1             0             1 
    85 medium17     *              0             0             1 
    86 hard17       *              0             0             1 
    87 s17          *              0             0             1 
    88 f18                      0.75             0               
    89 easy18       *              1             0             1 
    90 medium18     *              0             0             1 
    91 hard18       *              0             0             1 
    92 s18          *              1             0             1 
    93 f19                      1.75             0               
    94 easy19       *              1             0             1 
    95 medium19     *              0             0             1 
    96 hard19       *              0             0             1 
    97 s19          *              0             0             1 
    98 f20                      2.75             0               
    99 easy20       *              1             0             1 
   100 medium20     *              0             0             1 
   101 hard20       *              0             0             1 
   102 s20          *              0             0             1 
   103 f21                       636             0               
   104 easy21       *              0             0             1 
   105 medium21     *              0             0             1 
   106 hard21       *              0             0             1 
   107 s21          *              0             0             1 
   108 f22                       631             0               
   109 easy22       *              0             0             1 
   110 medium22     *              1             0             1 
   111 hard22       *              0             0             1 
   112 s22          *              1             0             1 
   113 f23                       630             0               
   114 easy23       *              1             0             1 
   115 medium23     *              0             0             1 
   116 hard23       *              0             0             1 
   117 s23          *              0             0             1 
   118 f24                       637             0               
   119 easy24       *              1             0             1 
   120 medium24     *              0             0             1 
   121 hard24       *              0             0             1 
   122 s24          *              0             0             1 
   123 f25                       638             0               
   124 easy25       *              1             0             1 
   125 medium25     *              0             0             1 
   126 hard25       *              0             0             1 
   127 s25          *              0             0             1 
   128 f26                       639             0               
   129 easy26       *              1             0             1 
   130 medium26     *              0             0             1 
   131 hard26       *              0             0             1 
   132 s26          *              0             0             1 
   133 f27                       636             0               
   134 easy27       *              0             0             1 
   135 medium27     *              0             0             1 
   136 hard27       *              1             0             1 
   137 s27          *              0             0             1 
   138 f28                       636             0               
   139 easy28       *              0             0             1 
   140 medium28     *              0             0             1 
   141 hard28       *              0             0             1 
   142 s28          *              0             0             1 
   143 f29                       635             0               
   144 easy29       *              1             0             1 
   145 medium29     *              0             0             1 
   146 hard29       *              0             0             1 
   147 s29          *              0             0             1 
   148 f30                       648             0               
   149 easy30       *              1             0             1 
   150 medium30     *              0             0             1 
   151 hard30       *              0             0             1 
   152 s30          *              0             0             1 
   153 f31                       649             0               
   154 easy31       *              1             0             1 
   155 medium31     *              0             0             1 
   156 hard31       *              0             0             1 
   157 s31          *              0             0             1 
   158 f32                       646             0               
   159 easy32       *              0             0             1 
   160 medium32     *              0             0             1 
   161 hard32       *              1             0             1 
   162 s32          *              0             0             1 
   163 f33                       645             0               
   164 easy33       *              1             0             1 
   165 medium33     *              0             0             1 
   166 hard33       *              0             0             1 
   167 s33          *              0             0             1 
   168 f34                       646             0               
   169 easy34       *              1             0             1 
   170 medium34     *              0             0             1 
   171 hard34       *              0             0             1 
   172 s34          *              0             0             1 
   173 sc3_1        *              1             0             1 
   174 easy35       *              0             0             1 
   175 medium35     *              0             0             1 
   176 hard35       *              0             0             1 
   177 s35          *              0             0             1 
   178 off_1        *              0             0             1 
   179 off_2        *              0             0             1 
   180 off_3        *              0             0             1 
   181 off_4        *              0             0             1 
   182 off_5        *              0             0             1 
   183 off_6        *              0             0             1 
   184 off_7        *              1             0             1 
   185 off_8        *              0             0             1 
   186 off_9        *              0             0             1 
   187 off_10       *              0             0             1 
   188 off_11       *              0             0             1 
   189 off_12       *              0             0             1 
   190 off_13       *              0             0             1 
   191 off_14       *              1             0             1 
   192 off_15       *              0             0             1 
   193 off_16       *              0             0             1 
   194 off_17       *              0             0             1 
   195 off_18       *              0             0             1 
   196 off_19       *              0             0             1 
   197 off_20       *              0             0             1 
   198 off_21       *              1             0             1 
   199 off_22       *              0             0             1 
   200 off_23       *              0             0             1 
   201 off_24       *              0             0             1 
   202 off_25       *              0             0             1 
   203 off_26       *              0             0             1 
   204 off_27       *              0             0             1 
   205 off_28       *              1             0             1 
   206 off_29       *              0             0             1 
   207 off_30       *              0             0             1 
   208 off_31       *              0             0             1 
   209 off_32       *              0             0             1 
   210 off_33       *              0             0             1 
   211 off_34       *              0             0             1 
   212 off_35       *              0             0             1 
   213 sc1_1                       1             0               
   214 sc1_2                       2             0               
   215 sc1_3                       1             0               
   216 sc1_4                       1             0               
   217 sc1_5                       0             0               
   218 sc2_1                       5             0               
   219 total                      30             0               

Integer feasibility conditions:

KKT.PE: max.abs.err = 0.00e+00 on row 0
        max.rel.err = 0.00e+00 on row 0
        High quality

KKT.PB: max.abs.err = 0.00e+00 on row 0
        max.rel.err = 0.00e+00 on row 0
        High quality

End of output
